14:18:08.887 [main] DEBUG org.apache.ibatis.logging.LogFactory.debug - Logging initialized using 'org.apache.ibatis.logging.slf4j.Slf4jImpl' adapter.
14:18:08.901 [main] DEBUG org.mybatis.spring.SqlSessionFactoryBean.debug - Property 'configLocation' not specified, using default MyBatis Configuration
14:18:10.470 [main] DEBUG org.mybatis.spring.SqlSessionFactoryBean.debug - Property 'mapperLocations' was not specified or no matching resources found
14:24:55.728 [main] DEBUG org.apache.ibatis.logging.LogFactory.debug - Logging initialized using 'org.apache.ibatis.logging.slf4j.Slf4jImpl' adapter.
14:24:55.742 [main] DEBUG org.mybatis.spring.SqlSessionFactoryBean.debug - Property 'configLocation' not specified, using default MyBatis Configuration
14:24:55.976 [main] DEBUG org.mybatis.spring.SqlSessionFactoryBean.debug - Property 'mapperLocations' was not specified or no matching resources found
14:30:04.683 [main] DEBUG org.apache.ibatis.logging.LogFactory.debug - Logging initialized using 'org.apache.ibatis.logging.slf4j.Slf4jImpl' adapter.
14:30:04.696 [main] DEBUG org.mybatis.spring.SqlSessionFactoryBean.debug - Property 'configLocation' not specified, using default MyBatis Configuration
14:30:04.958 [main] DEBUG org.mybatis.spring.SqlSessionFactoryBean.debug - Property 'mapperLocations' was not specified or no matching resources found
14:30:05.845 [main] INFO  com.runningfish.spmk.web.person.workbeach.init.InitPlugin.getPluginFile - check plugin file path=[/D:/my/mavenjar/RunningFish/com.runningfish.spmk.web.person.workbeach/1.0.0-SNAPSHOT/com.runningfish.spmk.web.person.workbeach-1.0.0-SNAPSHOT.jar]
14:30:05.846 [main] INFO  com.runningfish.spmk.web.person.workbeach.init.InitPlugin.getPluginFile - check plugin file path=[/D:/my/mavenjar/RunningFish/com.runningfish.spmk.web.person.workbeach/1.0.0-SNAPSHOT/com.runningfish.spmk.web.person.workbeach-1.0.0-SNAPSHOT.jar]
14:30:05.847 [main] DEBUG com.runningfish.framework.plugin.PluginsMananger.addPlugin - install plugin successful, plugin context=[pswork]
14:30:06.093 [main] INFO  com.runningfish.spmk.web.person.workbeach.init.InitPlugin.getPluginFile - check plugin file path=[/D:/my/mavenjar/RunningFish/com.runningfish.spmk.web.person.workbeach/1.0.0-SNAPSHOT/com.runningfish.spmk.web.person.workbeach-1.0.0-SNAPSHOT.jar]
14:30:06.094 [main] INFO  com.runningfish.spmk.web.person.workbeach.init.InitPlugin.getPluginFile - check plugin file path=[/D:/my/mavenjar/RunningFish/com.runningfish.spmk.web.person.workbeach/1.0.0-SNAPSHOT/com.runningfish.spmk.web.person.workbeach-1.0.0-SNAPSHOT.jar]
14:30:06.094 [main] DEBUG com.runningfish.framework.plugin.PluginsMananger.addPlugin - install plugin successful, plugin context=[pswork]
14:32:14.762 [main] DEBUG org.apache.ibatis.logging.LogFactory.debug - Logging initialized using 'org.apache.ibatis.logging.slf4j.Slf4jImpl' adapter.
14:32:14.784 [main] DEBUG org.mybatis.spring.SqlSessionFactoryBean.debug - Property 'configLocation' not specified, using default MyBatis Configuration
14:32:15.053 [main] DEBUG org.mybatis.spring.SqlSessionFactoryBean.debug - Property 'mapperLocations' was not specified or no matching resources found
14:32:15.648 [main] INFO  com.runningfish.spmk.web.person.workbeach.init.InitPlugin.getPluginFile - check plugin file path=[/D:/my/mavenjar/RunningFish/com.runningfish.spmk.web.person.workbeach/1.0.0-SNAPSHOT/com.runningfish.spmk.web.person.workbeach-1.0.0-SNAPSHOT.jar]
14:32:15.649 [main] INFO  com.runningfish.spmk.web.person.workbeach.init.InitPlugin.getPluginFile - check plugin file path=[/D:/my/mavenjar/RunningFish/com.runningfish.spmk.web.person.workbeach/1.0.0-SNAPSHOT/com.runningfish.spmk.web.person.workbeach-1.0.0-SNAPSHOT.jar]
14:32:15.650 [main] DEBUG com.runningfish.framework.plugin.PluginsMananger.addPlugin - install plugin successful, plugin context=[pswork]
14:32:15.797 [main] INFO  com.runningfish.spmk.web.person.workbeach.init.InitPlugin.getPluginFile - check plugin file path=[/D:/my/mavenjar/RunningFish/com.runningfish.spmk.web.person.workbeach/1.0.0-SNAPSHOT/com.runningfish.spmk.web.person.workbeach-1.0.0-SNAPSHOT.jar]
14:32:15.798 [main] INFO  com.runningfish.spmk.web.person.workbeach.init.InitPlugin.getPluginFile - check plugin file path=[/D:/my/mavenjar/RunningFish/com.runningfish.spmk.web.person.workbeach/1.0.0-SNAPSHOT/com.runningfish.spmk.web.person.workbeach-1.0.0-SNAPSHOT.jar]
14:32:15.799 [main] DEBUG com.runningfish.framework.plugin.PluginsMananger.addPlugin - install plugin successful, plugin context=[pswork]
16:35:16.187 [main] DEBUG org.apache.ibatis.logging.LogFactory.debug - Logging initialized using 'org.apache.ibatis.logging.slf4j.Slf4jImpl' adapter.
16:35:16.227 [main] DEBUG org.mybatis.spring.SqlSessionFactoryBean.debug - Property 'configLocation' not specified, using default MyBatis Configuration
16:35:17.331 [main] DEBUG org.mybatis.spring.SqlSessionFactoryBean.debug - Property 'mapperLocations' was not specified or no matching resources found
16:35:18.329 [main] INFO  com.runningfish.spmk.web.person.workbeach.init.InitPlugin.getPluginFile - check plugin file path=[/D:/my/mavenjar/RunningFish/com.runningfish.spmk.web.person.workbeach/1.0.0-SNAPSHOT/com.runningfish.spmk.web.person.workbeach-1.0.0-SNAPSHOT.jar]
16:35:18.330 [main] INFO  com.runningfish.spmk.web.person.workbeach.init.InitPlugin.getPluginFile - check plugin file path=[/D:/my/mavenjar/RunningFish/com.runningfish.spmk.web.person.workbeach/1.0.0-SNAPSHOT/com.runningfish.spmk.web.person.workbeach-1.0.0-SNAPSHOT.jar]
16:35:18.331 [main] DEBUG com.runningfish.framework.plugin.PluginsMananger.addPlugin - install plugin successful, plugin context=[pswork]
16:35:18.696 [main] INFO  com.runningfish.spmk.web.person.workbeach.init.InitPlugin.getPluginFile - check plugin file path=[/D:/my/mavenjar/RunningFish/com.runningfish.spmk.web.person.workbeach/1.0.0-SNAPSHOT/com.runningfish.spmk.web.person.workbeach-1.0.0-SNAPSHOT.jar]
16:35:18.697 [main] INFO  com.runningfish.spmk.web.person.workbeach.init.InitPlugin.getPluginFile - check plugin file path=[/D:/my/mavenjar/RunningFish/com.runningfish.spmk.web.person.workbeach/1.0.0-SNAPSHOT/com.runningfish.spmk.web.person.workbeach-1.0.0-SNAPSHOT.jar]
16:35:18.698 [main] DEBUG com.runningfish.framework.plugin.PluginsMananger.addPlugin - install plugin successful, plugin context=[pswork]
17:52:20.956 [main] DEBUG org.apache.ibatis.logging.LogFactory.debug - Logging initialized using 'org.apache.ibatis.logging.slf4j.Slf4jImpl' adapter.
17:52:20.969 [main] DEBUG org.mybatis.spring.SqlSessionFactoryBean.debug - Property 'configLocation' not specified, using default MyBatis Configuration
17:52:21.206 [main] DEBUG org.mybatis.spring.SqlSessionFactoryBean.debug - Property 'mapperLocations' was not specified or no matching resources found
17:52:21.716 [main] INFO  com.runningfish.spmk.web.person.workbeach.init.InitPlugin.getPluginFile - check plugin file path=[/D:/my/mavenjar/RunningFish/com.runningfish.spmk.web.person.workbeach/1.0.0-SNAPSHOT/com.runningfish.spmk.web.person.workbeach-1.0.0-SNAPSHOT.jar]
17:52:21.717 [main] INFO  com.runningfish.spmk.web.person.workbeach.init.InitPlugin.getPluginFile - check plugin file path=[/D:/my/mavenjar/RunningFish/com.runningfish.spmk.web.person.workbeach/1.0.0-SNAPSHOT/com.runningfish.spmk.web.person.workbeach-1.0.0-SNAPSHOT.jar]
17:52:21.717 [main] DEBUG com.runningfish.framework.plugin.PluginsMananger.addPlugin - install plugin successful, plugin context=[pswork]
17:52:21.864 [main] INFO  com.runningfish.spmk.web.person.workbeach.init.InitPlugin.getPluginFile - check plugin file path=[/D:/my/mavenjar/RunningFish/com.runningfish.spmk.web.person.workbeach/1.0.0-SNAPSHOT/com.runningfish.spmk.web.person.workbeach-1.0.0-SNAPSHOT.jar]
17:52:21.865 [main] INFO  com.runningfish.spmk.web.person.workbeach.init.InitPlugin.getPluginFile - check plugin file path=[/D:/my/mavenjar/RunningFish/com.runningfish.spmk.web.person.workbeach/1.0.0-SNAPSHOT/com.runningfish.spmk.web.person.workbeach-1.0.0-SNAPSHOT.jar]
17:52:21.866 [main] DEBUG com.runningfish.framework.plugin.PluginsMananger.addPlugin - install plugin successful, plugin context=[pswork]
17:57:24.572 [main] DEBUG org.apache.ibatis.logging.LogFactory.debug - Logging initialized using 'org.apache.ibatis.logging.slf4j.Slf4jImpl' adapter.
17:57:24.586 [main] DEBUG org.mybatis.spring.SqlSessionFactoryBean.debug - Property 'configLocation' not specified, using default MyBatis Configuration
17:57:24.811 [main] DEBUG org.mybatis.spring.SqlSessionFactoryBean.debug - Property 'mapperLocations' was not specified or no matching resources found
17:57:25.321 [main] INFO  com.runningfish.spmk.web.person.workbeach.init.InitPlugin.getPluginFile - check plugin file path=[/D:/my/mavenjar/RunningFish/com.runningfish.spmk.web.person.workbeach/1.0.0-SNAPSHOT/com.runningfish.spmk.web.person.workbeach-1.0.0-SNAPSHOT.jar]
17:57:25.322 [main] INFO  com.runningfish.spmk.web.person.workbeach.init.InitPlugin.getPluginFile - check plugin file path=[/D:/my/mavenjar/RunningFish/com.runningfish.spmk.web.person.workbeach/1.0.0-SNAPSHOT/com.runningfish.spmk.web.person.workbeach-1.0.0-SNAPSHOT.jar]
17:57:25.323 [main] DEBUG com.runningfish.framework.plugin.PluginsMananger.addPlugin - install plugin successful, plugin context=[pswork]
17:57:25.466 [main] INFO  com.runningfish.spmk.web.person.workbeach.init.InitPlugin.getPluginFile - check plugin file path=[/D:/my/mavenjar/RunningFish/com.runningfish.spmk.web.person.workbeach/1.0.0-SNAPSHOT/com.runningfish.spmk.web.person.workbeach-1.0.0-SNAPSHOT.jar]
17:57:25.467 [main] INFO  com.runningfish.spmk.web.person.workbeach.init.InitPlugin.getPluginFile - check plugin file path=[/D:/my/mavenjar/RunningFish/com.runningfish.spmk.web.person.workbeach/1.0.0-SNAPSHOT/com.runningfish.spmk.web.person.workbeach-1.0.0-SNAPSHOT.jar]
17:57:25.467 [main] DEBUG com.runningfish.framework.plugin.PluginsMananger.addPlugin - install plugin successful, plugin context=[pswork]
17:58:35.607 [main] DEBUG org.apache.ibatis.logging.LogFactory.debug - Logging initialized using 'org.apache.ibatis.logging.slf4j.Slf4jImpl' adapter.
17:58:35.620 [main] DEBUG org.mybatis.spring.SqlSessionFactoryBean.debug - Property 'configLocation' not specified, using default MyBatis Configuration
17:58:35.832 [main] DEBUG org.mybatis.spring.SqlSessionFactoryBean.debug - Property 'mapperLocations' was not specified or no matching resources found
17:58:36.335 [main] INFO  com.runningfish.spmk.web.person.workbeach.init.InitPlugin.getPluginFile - check plugin file path=[/D:/my/mavenjar/RunningFish/com.runningfish.spmk.web.person.workbeach/1.0.0-SNAPSHOT/com.runningfish.spmk.web.person.workbeach-1.0.0-SNAPSHOT.jar]
17:58:36.337 [main] INFO  com.runningfish.spmk.web.person.workbeach.init.InitPlugin.getPluginFile - check plugin file path=[/D:/my/mavenjar/RunningFish/com.runningfish.spmk.web.person.workbeach/1.0.0-SNAPSHOT/com.runningfish.spmk.web.person.workbeach-1.0.0-SNAPSHOT.jar]
17:58:36.338 [main] DEBUG com.runningfish.framework.plugin.PluginsMananger.addPlugin - install plugin successful, plugin context=[pswork]
17:58:36.480 [main] INFO  com.runningfish.spmk.web.person.workbeach.init.InitPlugin.getPluginFile - check plugin file path=[/D:/my/mavenjar/RunningFish/com.runningfish.spmk.web.person.workbeach/1.0.0-SNAPSHOT/com.runningfish.spmk.web.person.workbeach-1.0.0-SNAPSHOT.jar]
17:58:36.481 [main] INFO  com.runningfish.spmk.web.person.workbeach.init.InitPlugin.getPluginFile - check plugin file path=[/D:/my/mavenjar/RunningFish/com.runningfish.spmk.web.person.workbeach/1.0.0-SNAPSHOT/com.runningfish.spmk.web.person.workbeach-1.0.0-SNAPSHOT.jar]
17:58:36.481 [main] DEBUG com.runningfish.framework.plugin.PluginsMananger.addPlugin - install plugin successful, plugin context=[pswork]
17:59:22.934 [main] DEBUG org.apache.ibatis.logging.LogFactory.debug - Logging initialized using 'org.apache.ibatis.logging.slf4j.Slf4jImpl' adapter.
17:59:22.948 [main] DEBUG org.mybatis.spring.SqlSessionFactoryBean.debug - Property 'configLocation' not specified, using default MyBatis Configuration
17:59:23.132 [main] DEBUG org.mybatis.spring.SqlSessionFactoryBean.debug - Property 'mapperLocations' was not specified or no matching resources found
17:59:23.662 [main] INFO  com.runningfish.spmk.web.person.workbeach.init.InitPlugin.getPluginFile - check plugin file path=[/D:/my/mavenjar/RunningFish/com.runningfish.spmk.web.person.workbeach/1.0.0-SNAPSHOT/com.runningfish.spmk.web.person.workbeach-1.0.0-SNAPSHOT.jar]
17:59:23.663 [main] INFO  com.runningfish.spmk.web.person.workbeach.init.InitPlugin.getPluginFile - check plugin file path=[/D:/my/mavenjar/RunningFish/com.runningfish.spmk.web.person.workbeach/1.0.0-SNAPSHOT/com.runningfish.spmk.web.person.workbeach-1.0.0-SNAPSHOT.jar]
17:59:23.664 [main] DEBUG com.runningfish.framework.plugin.PluginsMananger.addPlugin - install plugin successful, plugin context=[pswork]
17:59:23.812 [main] INFO  com.runningfish.spmk.web.person.workbeach.init.InitPlugin.getPluginFile - check plugin file path=[/D:/my/mavenjar/RunningFish/com.runningfish.spmk.web.person.workbeach/1.0.0-SNAPSHOT/com.runningfish.spmk.web.person.workbeach-1.0.0-SNAPSHOT.jar]
17:59:23.813 [main] INFO  com.runningfish.spmk.web.person.workbeach.init.InitPlugin.getPluginFile - check plugin file path=[/D:/my/mavenjar/RunningFish/com.runningfish.spmk.web.person.workbeach/1.0.0-SNAPSHOT/com.runningfish.spmk.web.person.workbeach-1.0.0-SNAPSHOT.jar]
17:59:23.813 [main] DEBUG com.runningfish.framework.plugin.PluginsMananger.addPlugin - install plugin successful, plugin context=[pswork]
