14:21:35.515 [main] DEBUG org.apache.ibatis.logging.LogFactory.debug - Logging initialized using 'org.apache.ibatis.logging.slf4j.Slf4jImpl' adapter.
14:21:35.536 [main] DEBUG org.mybatis.spring.SqlSessionFactoryBean.debug - Property 'configLocation' not specified, using default MyBatis Configuration
14:21:37.207 [main] DEBUG org.mybatis.spring.SqlSessionFactoryBean.debug - Property 'mapperLocations' was not specified or no matching resources found
14:21:38.399 [main] INFO  com.runningfish.spmk.web.person.workbeach.init.InitPlugin.getPluginFile - check plugin file path=[/D:/my/mavenjar/RunningFish/com.runningfish.spmk.web.person.workbeach/1.0.0-SNAPSHOT/com.runningfish.spmk.web.person.workbeach-1.0.0-SNAPSHOT.jar]
14:21:38.400 [main] INFO  com.runningfish.spmk.web.person.workbeach.init.InitPlugin.getPluginFile - check plugin file path=[/D:/my/mavenjar/RunningFish/com.runningfish.spmk.web.person.workbeach/1.0.0-SNAPSHOT/com.runningfish.spmk.web.person.workbeach-1.0.0-SNAPSHOT.jar]
14:21:38.401 [main] DEBUG com.runningfish.framework.plugin.PluginsMananger.addPlugin - install plugin successful, plugin context=[pswork]
14:21:38.671 [main] INFO  com.runningfish.spmk.web.person.workbeach.init.InitPlugin.getPluginFile - check plugin file path=[/D:/my/mavenjar/RunningFish/com.runningfish.spmk.web.person.workbeach/1.0.0-SNAPSHOT/com.runningfish.spmk.web.person.workbeach-1.0.0-SNAPSHOT.jar]
14:21:38.672 [main] INFO  com.runningfish.spmk.web.person.workbeach.init.InitPlugin.getPluginFile - check plugin file path=[/D:/my/mavenjar/RunningFish/com.runningfish.spmk.web.person.workbeach/1.0.0-SNAPSHOT/com.runningfish.spmk.web.person.workbeach-1.0.0-SNAPSHOT.jar]
14:21:38.672 [main] DEBUG com.runningfish.framework.plugin.PluginsMananger.addPlugin - install plugin successful, plugin context=[pswork]
14:28:55.603 [main] DEBUG org.apache.ibatis.logging.LogFactory.debug - Logging initialized using 'org.apache.ibatis.logging.slf4j.Slf4jImpl' adapter.
14:28:55.616 [main] DEBUG org.mybatis.spring.SqlSessionFactoryBean.debug - Property 'configLocation' not specified, using default MyBatis Configuration
14:28:55.844 [main] DEBUG org.mybatis.spring.SqlSessionFactoryBean.debug - Property 'mapperLocations' was not specified or no matching resources found
14:28:56.339 [main] INFO  com.runningfish.spmk.web.person.workbeach.init.InitPlugin.getPluginFile - webapp.root:D:\my\mytest\spmk\com.runningfish.spmk.webRoot\src\main\webapp
14:28:56.340 [main] INFO  com.runningfish.spmk.web.person.workbeach.init.InitPlugin.getPluginFile - jarPath:/D:/my/mavenjar/RunningFish/com.runningfish.spmk.web.person.workbeach/1.0.0-SNAPSHOT/com.runningfish.spmk.web.person.workbeach-1.0.0-SNAPSHOT.jar
14:28:56.340 [main] INFO  com.runningfish.spmk.web.person.workbeach.init.InitPlugin.getPluginFile - pfn:/D:/my/mavenjar/RunningFish/com.runningfish.spmk.web.person.workbeach/1.0.0-SNAPSHOT/com.runningfish.spmk.web.person.workbeach-1.0.0-SNAPSHOT.jar
14:28:56.341 [main] INFO  com.runningfish.spmk.web.person.workbeach.init.InitPlugin.getPluginFile - pluginPath:D:\my\mytest\spmk\com.runningfish.spmk.webRoot\src\main\webapp\WEB-INF\lib\/D:/my/mavenjar/RunningFish/com.runningfish.spmk.web.person.workbeach/1.0.0-SNAPSHOT/com.runningfish.spmk.web.person.workbeach-1.0.0-SNAPSHOT.jar
14:28:56.341 [main] INFO  com.runningfish.spmk.web.person.workbeach.init.InitPlugin.getPluginFile - check plugin file path=[/D:/my/mavenjar/RunningFish/com.runningfish.spmk.web.person.workbeach/1.0.0-SNAPSHOT/com.runningfish.spmk.web.person.workbeach-1.0.0-SNAPSHOT.jar]
14:28:56.341 [main] INFO  com.runningfish.spmk.web.person.workbeach.init.InitPlugin.getPluginFile - webapp.root:D:\my\mytest\spmk\com.runningfish.spmk.webRoot\src\main\webapp
14:28:56.341 [main] INFO  com.runningfish.spmk.web.person.workbeach.init.InitPlugin.getPluginFile - jarPath:/D:/my/mavenjar/RunningFish/com.runningfish.spmk.web.person.workbeach/1.0.0-SNAPSHOT/com.runningfish.spmk.web.person.workbeach-1.0.0-SNAPSHOT.jar
14:28:56.342 [main] INFO  com.runningfish.spmk.web.person.workbeach.init.InitPlugin.getPluginFile - pfn:/D:/my/mavenjar/RunningFish/com.runningfish.spmk.web.person.workbeach/1.0.0-SNAPSHOT/com.runningfish.spmk.web.person.workbeach-1.0.0-SNAPSHOT.jar
14:28:56.342 [main] INFO  com.runningfish.spmk.web.person.workbeach.init.InitPlugin.getPluginFile - pluginPath:D:\my\mytest\spmk\com.runningfish.spmk.webRoot\src\main\webapp\WEB-INF\lib\/D:/my/mavenjar/RunningFish/com.runningfish.spmk.web.person.workbeach/1.0.0-SNAPSHOT/com.runningfish.spmk.web.person.workbeach-1.0.0-SNAPSHOT.jar
14:28:56.342 [main] INFO  com.runningfish.spmk.web.person.workbeach.init.InitPlugin.getPluginFile - check plugin file path=[/D:/my/mavenjar/RunningFish/com.runningfish.spmk.web.person.workbeach/1.0.0-SNAPSHOT/com.runningfish.spmk.web.person.workbeach-1.0.0-SNAPSHOT.jar]
14:28:56.343 [main] DEBUG com.runningfish.framework.plugin.PluginsMananger.addPlugin - install plugin successful, plugin context=[pswork]
14:28:56.482 [main] INFO  com.runningfish.spmk.web.person.workbeach.init.InitPlugin.getPluginFile - webapp.root:D:\my\mytest\spmk\com.runningfish.spmk.webRoot\src\main\webapp
14:28:56.483 [main] INFO  com.runningfish.spmk.web.person.workbeach.init.InitPlugin.getPluginFile - jarPath:/D:/my/mavenjar/RunningFish/com.runningfish.spmk.web.person.workbeach/1.0.0-SNAPSHOT/com.runningfish.spmk.web.person.workbeach-1.0.0-SNAPSHOT.jar
14:28:56.483 [main] INFO  com.runningfish.spmk.web.person.workbeach.init.InitPlugin.getPluginFile - pfn:/D:/my/mavenjar/RunningFish/com.runningfish.spmk.web.person.workbeach/1.0.0-SNAPSHOT/com.runningfish.spmk.web.person.workbeach-1.0.0-SNAPSHOT.jar
14:28:56.483 [main] INFO  com.runningfish.spmk.web.person.workbeach.init.InitPlugin.getPluginFile - pluginPath:D:\my\mytest\spmk\com.runningfish.spmk.webRoot\src\main\webapp\WEB-INF\lib\/D:/my/mavenjar/RunningFish/com.runningfish.spmk.web.person.workbeach/1.0.0-SNAPSHOT/com.runningfish.spmk.web.person.workbeach-1.0.0-SNAPSHOT.jar
14:28:56.484 [main] INFO  com.runningfish.spmk.web.person.workbeach.init.InitPlugin.getPluginFile - check plugin file path=[/D:/my/mavenjar/RunningFish/com.runningfish.spmk.web.person.workbeach/1.0.0-SNAPSHOT/com.runningfish.spmk.web.person.workbeach-1.0.0-SNAPSHOT.jar]
14:28:56.484 [main] INFO  com.runningfish.spmk.web.person.workbeach.init.InitPlugin.getPluginFile - webapp.root:D:\my\mytest\spmk\com.runningfish.spmk.webRoot\src\main\webapp
14:28:56.484 [main] INFO  com.runningfish.spmk.web.person.workbeach.init.InitPlugin.getPluginFile - jarPath:/D:/my/mavenjar/RunningFish/com.runningfish.spmk.web.person.workbeach/1.0.0-SNAPSHOT/com.runningfish.spmk.web.person.workbeach-1.0.0-SNAPSHOT.jar
14:28:56.484 [main] INFO  com.runningfish.spmk.web.person.workbeach.init.InitPlugin.getPluginFile - pfn:/D:/my/mavenjar/RunningFish/com.runningfish.spmk.web.person.workbeach/1.0.0-SNAPSHOT/com.runningfish.spmk.web.person.workbeach-1.0.0-SNAPSHOT.jar
14:28:56.484 [main] INFO  com.runningfish.spmk.web.person.workbeach.init.InitPlugin.getPluginFile - pluginPath:D:\my\mytest\spmk\com.runningfish.spmk.webRoot\src\main\webapp\WEB-INF\lib\/D:/my/mavenjar/RunningFish/com.runningfish.spmk.web.person.workbeach/1.0.0-SNAPSHOT/com.runningfish.spmk.web.person.workbeach-1.0.0-SNAPSHOT.jar
14:28:56.485 [main] INFO  com.runningfish.spmk.web.person.workbeach.init.InitPlugin.getPluginFile - check plugin file path=[/D:/my/mavenjar/RunningFish/com.runningfish.spmk.web.person.workbeach/1.0.0-SNAPSHOT/com.runningfish.spmk.web.person.workbeach-1.0.0-SNAPSHOT.jar]
14:28:56.485 [main] DEBUG com.runningfish.framework.plugin.PluginsMananger.addPlugin - install plugin successful, plugin context=[pswork]
14:39:00.151 [main] DEBUG org.apache.ibatis.logging.LogFactory.debug - Logging initialized using 'org.apache.ibatis.logging.slf4j.Slf4jImpl' adapter.
14:39:00.165 [main] DEBUG org.mybatis.spring.SqlSessionFactoryBean.debug - Property 'configLocation' not specified, using default MyBatis Configuration
14:39:00.405 [main] DEBUG org.mybatis.spring.SqlSessionFactoryBean.debug - Property 'mapperLocations' was not specified or no matching resources found
14:39:00.907 [main] INFO  com.runningfish.spmk.web.person.workbeach.init.InitPlugin.getPluginFile - webapp.root:D:\my\mytest\spmk\com.runningfish.spmk.webRoot\src\main\webapp
14:39:00.908 [main] INFO  com.runningfish.spmk.web.person.workbeach.init.InitPlugin.getPluginFile - jarPath:/D:/my/mavenjar/RunningFish/com.runningfish.spmk.web.person.workbeach/1.0.0-SNAPSHOT/com.runningfish.spmk.web.person.workbeach-1.0.0-SNAPSHOT.jar
14:39:00.908 [main] INFO  com.runningfish.spmk.web.person.workbeach.init.InitPlugin.getPluginFile - pfn:/D:/my/mavenjar/RunningFish/com.runningfish.spmk.web.person.workbeach/1.0.0-SNAPSHOT/com.runningfish.spmk.web.person.workbeach-1.0.0-SNAPSHOT.jar
14:39:00.908 [main] INFO  com.runningfish.spmk.web.person.workbeach.init.InitPlugin.getPluginFile - pluginPath:D:\my\mytest\spmk\com.runningfish.spmk.webRoot\src\main\webapp\WEB-INF\lib\/D:/my/mavenjar/RunningFish/com.runningfish.spmk.web.person.workbeach/1.0.0-SNAPSHOT/com.runningfish.spmk.web.person.workbeach-1.0.0-SNAPSHOT.jar
14:39:00.909 [main] INFO  com.runningfish.spmk.web.person.workbeach.init.InitPlugin.getPluginFile - check plugin file path=[/D:/my/mavenjar/RunningFish/com.runningfish.spmk.web.person.workbeach/1.0.0-SNAPSHOT/com.runningfish.spmk.web.person.workbeach-1.0.0-SNAPSHOT.jar]
14:39:00.909 [main] INFO  com.runningfish.spmk.web.person.workbeach.init.InitPlugin.getPluginFile - webapp.root:D:\my\mytest\spmk\com.runningfish.spmk.webRoot\src\main\webapp
14:39:00.909 [main] INFO  com.runningfish.spmk.web.person.workbeach.init.InitPlugin.getPluginFile - jarPath:/D:/my/mavenjar/RunningFish/com.runningfish.spmk.web.person.workbeach/1.0.0-SNAPSHOT/com.runningfish.spmk.web.person.workbeach-1.0.0-SNAPSHOT.jar
14:39:00.909 [main] INFO  com.runningfish.spmk.web.person.workbeach.init.InitPlugin.getPluginFile - pfn:/D:/my/mavenjar/RunningFish/com.runningfish.spmk.web.person.workbeach/1.0.0-SNAPSHOT/com.runningfish.spmk.web.person.workbeach-1.0.0-SNAPSHOT.jar
14:39:00.909 [main] INFO  com.runningfish.spmk.web.person.workbeach.init.InitPlugin.getPluginFile - pluginPath:D:\my\mytest\spmk\com.runningfish.spmk.webRoot\src\main\webapp\WEB-INF\lib\/D:/my/mavenjar/RunningFish/com.runningfish.spmk.web.person.workbeach/1.0.0-SNAPSHOT/com.runningfish.spmk.web.person.workbeach-1.0.0-SNAPSHOT.jar
14:39:00.910 [main] INFO  com.runningfish.spmk.web.person.workbeach.init.InitPlugin.getPluginFile - check plugin file path=[/D:/my/mavenjar/RunningFish/com.runningfish.spmk.web.person.workbeach/1.0.0-SNAPSHOT/com.runningfish.spmk.web.person.workbeach-1.0.0-SNAPSHOT.jar]
14:39:00.910 [main] DEBUG com.runningfish.framework.plugin.PluginsMananger.addPlugin - install plugin successful, plugin context=[pswork]
14:39:01.053 [main] INFO  com.runningfish.spmk.web.person.workbeach.init.InitPlugin.getPluginFile - webapp.root:D:\my\mytest\spmk\com.runningfish.spmk.webRoot\src\main\webapp
14:39:01.053 [main] INFO  com.runningfish.spmk.web.person.workbeach.init.InitPlugin.getPluginFile - jarPath:/D:/my/mavenjar/RunningFish/com.runningfish.spmk.web.person.workbeach/1.0.0-SNAPSHOT/com.runningfish.spmk.web.person.workbeach-1.0.0-SNAPSHOT.jar
14:39:01.054 [main] INFO  com.runningfish.spmk.web.person.workbeach.init.InitPlugin.getPluginFile - pfn:/D:/my/mavenjar/RunningFish/com.runningfish.spmk.web.person.workbeach/1.0.0-SNAPSHOT/com.runningfish.spmk.web.person.workbeach-1.0.0-SNAPSHOT.jar
14:39:01.054 [main] INFO  com.runningfish.spmk.web.person.workbeach.init.InitPlugin.getPluginFile - pluginPath:D:\my\mytest\spmk\com.runningfish.spmk.webRoot\src\main\webapp\WEB-INF\lib\/D:/my/mavenjar/RunningFish/com.runningfish.spmk.web.person.workbeach/1.0.0-SNAPSHOT/com.runningfish.spmk.web.person.workbeach-1.0.0-SNAPSHOT.jar
14:39:01.054 [main] INFO  com.runningfish.spmk.web.person.workbeach.init.InitPlugin.getPluginFile - check plugin file path=[/D:/my/mavenjar/RunningFish/com.runningfish.spmk.web.person.workbeach/1.0.0-SNAPSHOT/com.runningfish.spmk.web.person.workbeach-1.0.0-SNAPSHOT.jar]
14:39:01.054 [main] INFO  com.runningfish.spmk.web.person.workbeach.init.InitPlugin.getPluginFile - webapp.root:D:\my\mytest\spmk\com.runningfish.spmk.webRoot\src\main\webapp
14:39:01.055 [main] INFO  com.runningfish.spmk.web.person.workbeach.init.InitPlugin.getPluginFile - jarPath:/D:/my/mavenjar/RunningFish/com.runningfish.spmk.web.person.workbeach/1.0.0-SNAPSHOT/com.runningfish.spmk.web.person.workbeach-1.0.0-SNAPSHOT.jar
14:39:01.055 [main] INFO  com.runningfish.spmk.web.person.workbeach.init.InitPlugin.getPluginFile - pfn:/D:/my/mavenjar/RunningFish/com.runningfish.spmk.web.person.workbeach/1.0.0-SNAPSHOT/com.runningfish.spmk.web.person.workbeach-1.0.0-SNAPSHOT.jar
14:39:01.055 [main] INFO  com.runningfish.spmk.web.person.workbeach.init.InitPlugin.getPluginFile - pluginPath:D:\my\mytest\spmk\com.runningfish.spmk.webRoot\src\main\webapp\WEB-INF\lib\/D:/my/mavenjar/RunningFish/com.runningfish.spmk.web.person.workbeach/1.0.0-SNAPSHOT/com.runningfish.spmk.web.person.workbeach-1.0.0-SNAPSHOT.jar
14:39:01.055 [main] INFO  com.runningfish.spmk.web.person.workbeach.init.InitPlugin.getPluginFile - check plugin file path=[/D:/my/mavenjar/RunningFish/com.runningfish.spmk.web.person.workbeach/1.0.0-SNAPSHOT/com.runningfish.spmk.web.person.workbeach-1.0.0-SNAPSHOT.jar]
14:39:01.056 [main] DEBUG com.runningfish.framework.plugin.PluginsMananger.addPlugin - install plugin successful, plugin context=[pswork]
14:46:06.967 [main] DEBUG org.apache.ibatis.logging.LogFactory.debug - Logging initialized using 'org.apache.ibatis.logging.slf4j.Slf4jImpl' adapter.
14:46:06.980 [main] DEBUG org.mybatis.spring.SqlSessionFactoryBean.debug - Property 'configLocation' not specified, using default MyBatis Configuration
14:46:07.200 [main] DEBUG org.mybatis.spring.SqlSessionFactoryBean.debug - Property 'mapperLocations' was not specified or no matching resources found
14:46:07.688 [main] INFO  com.runningfish.spmk.web.person.workbeach.init.InitPlugin.getPluginFile - check plugin file path=[/D:/my/mavenjar/RunningFish/com.runningfish.spmk.web.person.workbeach/1.0.0-SNAPSHOT/com.runningfish.spmk.web.person.workbeach-1.0.0-SNAPSHOT.jar]
14:46:07.689 [main] INFO  com.runningfish.spmk.web.person.workbeach.init.InitPlugin.getPluginFile - check plugin file path=[/D:/my/mavenjar/RunningFish/com.runningfish.spmk.web.person.workbeach/1.0.0-SNAPSHOT/com.runningfish.spmk.web.person.workbeach-1.0.0-SNAPSHOT.jar]
14:46:07.690 [main] DEBUG com.runningfish.framework.plugin.PluginsMananger.addPlugin - install plugin successful, plugin context=[pswork]
14:46:07.840 [main] INFO  com.runningfish.spmk.web.person.workbeach.init.InitPlugin.getPluginFile - check plugin file path=[/D:/my/mavenjar/RunningFish/com.runningfish.spmk.web.person.workbeach/1.0.0-SNAPSHOT/com.runningfish.spmk.web.person.workbeach-1.0.0-SNAPSHOT.jar]
14:46:07.841 [main] INFO  com.runningfish.spmk.web.person.workbeach.init.InitPlugin.getPluginFile - check plugin file path=[/D:/my/mavenjar/RunningFish/com.runningfish.spmk.web.person.workbeach/1.0.0-SNAPSHOT/com.runningfish.spmk.web.person.workbeach-1.0.0-SNAPSHOT.jar]
14:46:07.841 [main] DEBUG com.runningfish.framework.plugin.PluginsMananger.addPlugin - install plugin successful, plugin context=[pswork]
15:48:39.901 [main] DEBUG org.apache.ibatis.logging.LogFactory.debug - Logging initialized using 'org.apache.ibatis.logging.slf4j.Slf4jImpl' adapter.
15:48:39.913 [main] DEBUG org.mybatis.spring.SqlSessionFactoryBean.debug - Property 'configLocation' not specified, using default MyBatis Configuration
15:48:40.133 [main] DEBUG org.mybatis.spring.SqlSessionFactoryBean.debug - Property 'mapperLocations' was not specified or no matching resources found
15:48:40.645 [main] INFO  com.runningfish.spmk.web.person.workbeach.init.InitPlugin.getPluginFile - check plugin file path=[/D:/my/mavenjar/RunningFish/com.runningfish.spmk.web.person.workbeach/1.0.0-SNAPSHOT/com.runningfish.spmk.web.person.workbeach-1.0.0-SNAPSHOT.jar]
15:48:40.646 [main] INFO  com.runningfish.spmk.web.person.workbeach.init.InitPlugin.getPluginFile - check plugin file path=[/D:/my/mavenjar/RunningFish/com.runningfish.spmk.web.person.workbeach/1.0.0-SNAPSHOT/com.runningfish.spmk.web.person.workbeach-1.0.0-SNAPSHOT.jar]
15:48:40.647 [main] INFO  com.runningfish.spmk.web.person.workbeach.init.InitPlugin.getSnapContextPath4Plugin - getSnapContextPath4Plugin-->pluginFile:/D:/my/mavenjar/RunningFish/com.runningfish.spmk.web.person.workbeach/1.0.0-SNAPSHOT/com.runningfish.spmk.web.person.workbeach-1.0.0-SNAPSHOT.jar
15:48:40.647 [main] DEBUG com.runningfish.framework.plugin.PluginsMananger.addPlugin - install plugin successful, plugin context=[pswork]
15:48:40.806 [main] INFO  com.runningfish.spmk.web.person.workbeach.init.InitPlugin.getPluginFile - check plugin file path=[/D:/my/mavenjar/RunningFish/com.runningfish.spmk.web.person.workbeach/1.0.0-SNAPSHOT/com.runningfish.spmk.web.person.workbeach-1.0.0-SNAPSHOT.jar]
15:48:40.806 [main] INFO  com.runningfish.spmk.web.person.workbeach.init.InitPlugin.getPluginFile - check plugin file path=[/D:/my/mavenjar/RunningFish/com.runningfish.spmk.web.person.workbeach/1.0.0-SNAPSHOT/com.runningfish.spmk.web.person.workbeach-1.0.0-SNAPSHOT.jar]
15:48:40.807 [main] INFO  com.runningfish.spmk.web.person.workbeach.init.InitPlugin.getSnapContextPath4Plugin - getSnapContextPath4Plugin-->pluginFile:/D:/my/mavenjar/RunningFish/com.runningfish.spmk.web.person.workbeach/1.0.0-SNAPSHOT/com.runningfish.spmk.web.person.workbeach-1.0.0-SNAPSHOT.jar
15:48:40.807 [main] DEBUG com.runningfish.framework.plugin.PluginsMananger.addPlugin - install plugin successful, plugin context=[pswork]
16:53:06.012 [main] DEBUG org.apache.ibatis.logging.LogFactory.debug - Logging initialized using 'org.apache.ibatis.logging.slf4j.Slf4jImpl' adapter.
16:53:06.027 [main] DEBUG org.mybatis.spring.SqlSessionFactoryBean.debug - Property 'configLocation' not specified, using default MyBatis Configuration
16:53:06.281 [main] DEBUG org.mybatis.spring.SqlSessionFactoryBean.debug - Property 'mapperLocations' was not specified or no matching resources found
16:53:06.798 [main] INFO  com.runningfish.spmk.web.person.workbeach.init.InitPlugin.getPluginFile - check plugin file path=[/D:/my/mavenjar/RunningFish/com.runningfish.spmk.web.person.workbeach/1.0.0-SNAPSHOT/com.runningfish.spmk.web.person.workbeach-1.0.0-SNAPSHOT.jar]
16:53:06.800 [main] INFO  com.runningfish.spmk.web.person.workbeach.init.InitPlugin.getPluginFile - check plugin file path=[/D:/my/mavenjar/RunningFish/com.runningfish.spmk.web.person.workbeach/1.0.0-SNAPSHOT/com.runningfish.spmk.web.person.workbeach-1.0.0-SNAPSHOT.jar]
16:53:06.800 [main] INFO  com.runningfish.spmk.web.person.workbeach.init.InitPlugin.getSnapContextPath4Plugin - getSnapContextPath4Plugin-->pluginFile:/D:/my/mavenjar/RunningFish/com.runningfish.spmk.web.person.workbeach/1.0.0-SNAPSHOT/com.runningfish.spmk.web.person.workbeach-1.0.0-SNAPSHOT.jar
16:53:06.801 [main] DEBUG com.runningfish.framework.plugin.PluginsMananger.addPlugin - install plugin successful, plugin context=[pswork]
16:53:06.955 [main] INFO  com.runningfish.spmk.web.person.workbeach.init.InitPlugin.getPluginFile - check plugin file path=[/D:/my/mavenjar/RunningFish/com.runningfish.spmk.web.person.workbeach/1.0.0-SNAPSHOT/com.runningfish.spmk.web.person.workbeach-1.0.0-SNAPSHOT.jar]
16:53:06.955 [main] INFO  com.runningfish.spmk.web.person.workbeach.init.InitPlugin.getPluginFile - check plugin file path=[/D:/my/mavenjar/RunningFish/com.runningfish.spmk.web.person.workbeach/1.0.0-SNAPSHOT/com.runningfish.spmk.web.person.workbeach-1.0.0-SNAPSHOT.jar]
16:53:06.955 [main] INFO  com.runningfish.spmk.web.person.workbeach.init.InitPlugin.getSnapContextPath4Plugin - getSnapContextPath4Plugin-->pluginFile:/D:/my/mavenjar/RunningFish/com.runningfish.spmk.web.person.workbeach/1.0.0-SNAPSHOT/com.runningfish.spmk.web.person.workbeach-1.0.0-SNAPSHOT.jar
16:53:06.956 [main] DEBUG com.runningfish.framework.plugin.PluginsMananger.addPlugin - install plugin successful, plugin context=[pswork]
16:55:11.768 [main] DEBUG org.apache.ibatis.logging.LogFactory.debug - Logging initialized using 'org.apache.ibatis.logging.slf4j.Slf4jImpl' adapter.
16:55:11.781 [main] DEBUG org.mybatis.spring.SqlSessionFactoryBean.debug - Property 'configLocation' not specified, using default MyBatis Configuration
16:55:12.004 [main] DEBUG org.mybatis.spring.SqlSessionFactoryBean.debug - Property 'mapperLocations' was not specified or no matching resources found
16:55:12.505 [main] INFO  com.runningfish.spmk.web.person.workbeach.init.InitPlugin.getPluginFile - check plugin file path=[/D:/my/mavenjar/RunningFish/com.runningfish.spmk.web.person.workbeach/1.0.0-SNAPSHOT/com.runningfish.spmk.web.person.workbeach-1.0.0-SNAPSHOT.jar]
16:55:12.506 [main] INFO  com.runningfish.spmk.web.person.workbeach.init.InitPlugin.getPluginFile - check plugin file path=[/D:/my/mavenjar/RunningFish/com.runningfish.spmk.web.person.workbeach/1.0.0-SNAPSHOT/com.runningfish.spmk.web.person.workbeach-1.0.0-SNAPSHOT.jar]
16:55:12.506 [main] DEBUG com.runningfish.framework.plugin.PluginsMananger.addPlugin - install plugin successful, plugin context=[pswork]
16:55:12.646 [main] INFO  com.runningfish.spmk.web.person.workbeach.init.InitPlugin.getPluginFile - check plugin file path=[/D:/my/mavenjar/RunningFish/com.runningfish.spmk.web.person.workbeach/1.0.0-SNAPSHOT/com.runningfish.spmk.web.person.workbeach-1.0.0-SNAPSHOT.jar]
16:55:12.646 [main] INFO  com.runningfish.spmk.web.person.workbeach.init.InitPlugin.getPluginFile - check plugin file path=[/D:/my/mavenjar/RunningFish/com.runningfish.spmk.web.person.workbeach/1.0.0-SNAPSHOT/com.runningfish.spmk.web.person.workbeach-1.0.0-SNAPSHOT.jar]
16:55:12.647 [main] DEBUG com.runningfish.framework.plugin.PluginsMananger.addPlugin - install plugin successful, plugin context=[pswork]
17:18:40.460 [main] DEBUG org.apache.ibatis.logging.LogFactory.debug - Logging initialized using 'org.apache.ibatis.logging.slf4j.Slf4jImpl' adapter.
17:18:40.473 [main] DEBUG org.mybatis.spring.SqlSessionFactoryBean.debug - Property 'configLocation' not specified, using default MyBatis Configuration
17:18:40.704 [main] DEBUG org.mybatis.spring.SqlSessionFactoryBean.debug - Property 'mapperLocations' was not specified or no matching resources found
17:18:41.212 [main] INFO  com.runningfish.spmk.web.person.workbeach.init.InitPlugin.getPluginFile - check plugin file path=[/D:/my/mavenjar/RunningFish/com.runningfish.spmk.web.person.workbeach/1.0.0-SNAPSHOT/com.runningfish.spmk.web.person.workbeach-1.0.0-SNAPSHOT.jar]
17:18:41.213 [main] INFO  com.runningfish.spmk.web.person.workbeach.init.InitPlugin.getPluginFile - check plugin file path=[/D:/my/mavenjar/RunningFish/com.runningfish.spmk.web.person.workbeach/1.0.0-SNAPSHOT/com.runningfish.spmk.web.person.workbeach-1.0.0-SNAPSHOT.jar]
17:18:41.214 [main] DEBUG com.runningfish.framework.plugin.PluginsMananger.addPlugin - install plugin successful, plugin context=[pswork]
17:18:41.359 [main] INFO  com.runningfish.spmk.web.person.workbeach.init.InitPlugin.getPluginFile - check plugin file path=[/D:/my/mavenjar/RunningFish/com.runningfish.spmk.web.person.workbeach/1.0.0-SNAPSHOT/com.runningfish.spmk.web.person.workbeach-1.0.0-SNAPSHOT.jar]
17:18:41.360 [main] INFO  com.runningfish.spmk.web.person.workbeach.init.InitPlugin.getPluginFile - check plugin file path=[/D:/my/mavenjar/RunningFish/com.runningfish.spmk.web.person.workbeach/1.0.0-SNAPSHOT/com.runningfish.spmk.web.person.workbeach-1.0.0-SNAPSHOT.jar]
17:18:41.361 [main] DEBUG com.runningfish.framework.plugin.PluginsMananger.addPlugin - install plugin successful, plugin context=[pswork]
17:59:36.279 [main] DEBUG org.apache.ibatis.logging.LogFactory.debug - Logging initialized using 'org.apache.ibatis.logging.slf4j.Slf4jImpl' adapter.
17:59:36.298 [main] DEBUG org.mybatis.spring.SqlSessionFactoryBean.debug - Property 'configLocation' not specified, using default MyBatis Configuration
17:59:36.583 [main] DEBUG org.mybatis.spring.SqlSessionFactoryBean.debug - Property 'mapperLocations' was not specified or no matching resources found
17:59:37.182 [main] INFO  com.runningfish.spmk.web.person.workbeach.init.InitPlugin.getPluginFile - check plugin file path=[/D:/my/mavenjar/RunningFish/com.runningfish.spmk.web.person.workbeach/1.0.0-SNAPSHOT/com.runningfish.spmk.web.person.workbeach-1.0.0-SNAPSHOT.jar]
17:59:37.183 [main] INFO  com.runningfish.spmk.web.person.workbeach.init.InitPlugin.getPluginFile - check plugin file path=[/D:/my/mavenjar/RunningFish/com.runningfish.spmk.web.person.workbeach/1.0.0-SNAPSHOT/com.runningfish.spmk.web.person.workbeach-1.0.0-SNAPSHOT.jar]
17:59:37.184 [main] DEBUG com.runningfish.framework.plugin.PluginsMananger.addPlugin - install plugin successful, plugin context=[pswork]
17:59:37.337 [main] INFO  com.runningfish.spmk.web.person.workbeach.init.InitPlugin.getPluginFile - check plugin file path=[/D:/my/mavenjar/RunningFish/com.runningfish.spmk.web.person.workbeach/1.0.0-SNAPSHOT/com.runningfish.spmk.web.person.workbeach-1.0.0-SNAPSHOT.jar]
17:59:37.338 [main] INFO  com.runningfish.spmk.web.person.workbeach.init.InitPlugin.getPluginFile - check plugin file path=[/D:/my/mavenjar/RunningFish/com.runningfish.spmk.web.person.workbeach/1.0.0-SNAPSHOT/com.runningfish.spmk.web.person.workbeach-1.0.0-SNAPSHOT.jar]
17:59:37.338 [main] DEBUG com.runningfish.framework.plugin.PluginsMananger.addPlugin - install plugin successful, plugin context=[pswork]
18:06:29.492 [Timer-2] DEBUG org.apache.ibatis.logging.LogFactory.debug - Logging initialized using 'org.apache.ibatis.logging.slf4j.Slf4jImpl' adapter.
18:06:29.516 [Timer-2] DEBUG org.mybatis.spring.SqlSessionFactoryBean.debug - Property 'configLocation' not specified, using default MyBatis Configuration
18:06:29.844 [Timer-2] DEBUG org.mybatis.spring.SqlSessionFactoryBean.debug - Property 'mapperLocations' was not specified or no matching resources found
18:06:30.313 [Timer-2] INFO  com.runningfish.spmk.web.person.workbeach.init.InitPlugin.getPluginFile - check plugin file path=[/D:/my/mavenjar/RunningFish/com.runningfish.spmk.web.person.workbeach/1.0.0-SNAPSHOT/com.runningfish.spmk.web.person.workbeach-1.0.0-SNAPSHOT.jar]
18:06:30.314 [Timer-2] INFO  com.runningfish.spmk.web.person.workbeach.init.InitPlugin.getPluginFile - check plugin file path=[/D:/my/mavenjar/RunningFish/com.runningfish.spmk.web.person.workbeach/1.0.0-SNAPSHOT/com.runningfish.spmk.web.person.workbeach-1.0.0-SNAPSHOT.jar]
18:06:30.316 [Timer-2] DEBUG com.runningfish.framework.plugin.PluginsMananger.addPlugin - install plugin successful, plugin context=[pswork]
18:06:30.529 [Timer-2] INFO  com.runningfish.spmk.web.person.workbeach.init.InitPlugin.getPluginFile - check plugin file path=[/D:/my/mavenjar/RunningFish/com.runningfish.spmk.web.person.workbeach/1.0.0-SNAPSHOT/com.runningfish.spmk.web.person.workbeach-1.0.0-SNAPSHOT.jar]
18:06:30.529 [Timer-2] INFO  com.runningfish.spmk.web.person.workbeach.init.InitPlugin.getPluginFile - check plugin file path=[/D:/my/mavenjar/RunningFish/com.runningfish.spmk.web.person.workbeach/1.0.0-SNAPSHOT/com.runningfish.spmk.web.person.workbeach-1.0.0-SNAPSHOT.jar]
18:06:30.530 [Timer-2] DEBUG com.runningfish.framework.plugin.PluginsMananger.addPlugin - install plugin successful, plugin context=[pswork]
